INFO:pyjulius3.core:Connecting localhost:10500
INFO:pyjulius3.core:Started listening
INFO:pyjulius3.core:Unmodelized xml: <Element 'STARTPROC' at 0x7f08fa63e110>
INFO:pyjulius3.core:Unmodelized xml: <Element 'INPUT' at 0x7f08fa63e8d0>
INFO:pyjulius3.core:Unmodelized xml: <Element 'INPUT' at 0x7f08fa63e990>
INFO:pyjulius3.core:Unmodelized xml: <Element 'STARTRECOG' at 0x7f08fa63ea50>
INFO:pyjulius3.core:Unmodelized xml: <Element 'INPUT' at 0x7f08fa63eb10>
INFO:pyjulius3.core:Unmodelized xml: <Element 'ENDRECOG' at 0x7f08fa63ebd0>
INFO:pyjulius3.core:Unmodelized xml: <Element 'INPUTPARAM' at 0x7f08fa63ec90>
INFO:pyjulius3.core:Unmodelized xml: <Element 'RECOGFAIL' at 0x7f08fa63ec50>
INFO:pyjulius3.core:Unmodelized xml: <Element 'INPUT' at 0x7f08fa63eb10>
INFO:pyjulius3.core:Unmodelized xml: <Element 'INPUT' at 0x7f08fa63eb50>
INFO:pyjulius3.core:Unmodelized xml: <Element 'STARTRECOG' at 0x7f08fa63ea10>
INFO:pyjulius3.core:Unmodelized xml: <Element 'INPUT' at 0x7f08fa63e950>
INFO:pyjulius3.core:Unmodelized xml: <Element 'ENDRECOG' at 0x7f08fa63e890>
INFO:pyjulius3.core:Unmodelized xml: <Element 'INPUTPARAM' at 0x7f08fa63e0d0>
INFO:pyjulius3.core:Unmodelized xml: <Element 'RECOGFAIL' at 0x7f08fa63ed50>
INFO:pyjulius3.core:Unmodelized xml: <Element 'INPUT' at 0x7f08fa63ee10>
INFO:pyjulius3.core:Unmodelized xml: <Element 'INPUT' at 0x7f08fa63eed0>
INFO:pyjulius3.core:Unmodelized xml: <Element 'STARTRECOG' at 0x7f08fa63ef90>
INFO:pyjulius3.core:Unmodelized xml: <Element 'INPUT' at 0x7f08f8ec0090>
INFO:pyjulius3.core:Unmodelized xml: <Element 'ENDRECOG' at 0x7f08f8ec0150>
INFO:pyjulius3.core:Unmodelized xml: <Element 'INPUTPARAM' at 0x7f08f8ec0210>
INFO:pyjulius3.core:Modelized recognition: <Sentence(-3649.79, [<Word(1.00, MARCELINO)>])>
INFO:pyjulius3.core:Unmodelized xml: <Element 'INPUT' at 0x7f08f8ec0590>
INFO:pyjulius3.core:Unmodelized xml: <Element 'INPUT' at 0x7f08f8ec0690>
INFO:pyjulius3.core:Unmodelized xml: <Element 'STARTRECOG' at 0x7f08f8ec0750>
INFO:pyjulius3.core:Unmodelized xml: <Element 'INPUT' at 0x7f08f8ec0810>
INFO:pyjulius3.core:Unmodelized xml: <Element 'ENDRECOG' at 0x7f08f8ec08d0>
INFO:pyjulius3.core:Unmodelized xml: <Element 'INPUTPARAM' at 0x7f08f8ec0990>
INFO:pyjulius3.core:Unmodelized xml: <Element 'RECOGFAIL' at 0x7f08f8ec0a50>
INFO:pyjulius3.core:Unmodelized xml: <Element 'INPUT' at 0x7f08f8ec0b10>
INFO:pyjulius3.core:Unmodelized xml: <Element 'INPUT' at 0x7f08f8ec0bd0>
INFO:pyjulius3.core:Unmodelized xml: <Element 'STARTRECOG' at 0x7f08f8ec0c90>
INFO:pyjulius3.core:Unmodelized xml: <Element 'INPUT' at 0x7f08f8ec0d50>
INFO:pyjulius3.core:Unmodelized xml: <Element 'ENDRECOG' at 0x7f08f8ec0e10>
INFO:pyjulius3.core:Unmodelized xml: <Element 'INPUTPARAM' at 0x7f08f8ec0ed0>
INFO:pyjulius3.core:Modelized recognition: <Sentence(-2707.41, [<Word(0.98, HOLA)>, <Word(1.00, TIEMPO)>])>
INFO:pyjulius3.core:Unmodelized xml: <Element 'INPUT' at 0x7f08f8ed3290>
INFO:pyjulius3.core:Unmodelized xml: <Element 'INPUT' at 0x7f08f8ed3350>
INFO:pyjulius3.core:Unmodelized xml: <Element 'STARTRECOG' at 0x7f08f8ed3410>
INFO:pyjulius3.core:Unmodelized xml: <Element 'INPUT' at 0x7f08f8ed34d0>
INFO:pyjulius3.core:Unmodelized xml: <Element 'ENDRECOG' at 0x7f08f8ed3590>
INFO:pyjulius3.core:Unmodelized xml: <Element 'INPUTPARAM' at 0x7f08f8ed3650>
INFO:pyjulius3.core:Unmodelized xml: <Element 'RECOGFAIL' at 0x7f08f8ed3710>
INFO:pyjulius3.core:Unmodelized xml: <Element 'INPUT' at 0x7f08f8ec0f50>
INFO:pyjulius3.core:Unmodelized xml: <Element 'INPUT' at 0x7f08f8ec0fd0>
INFO:pyjulius3.core:Unmodelized xml: <Element 'STARTRECOG' at 0x7f08f8ec0dd0>
INFO:pyjulius3.core:Unmodelized xml: <Element 'INPUT' at 0x7f08f8ec0cd0>
INFO:pyjulius3.core:Unmodelized xml: <Element 'ENDRECOG' at 0x7f08f8ec0b90>
INFO:pyjulius3.core:Unmodelized xml: <Element 'INPUTPARAM' at 0x7f08f8ec0a90>
INFO:pyjulius3.core:Modelized recognition: <Sentence(-3097.01, [<Word(0.87, HOLA)>, <Word(1.00, TIEMPO)>])>
INFO:pyjulius3.core:Unmodelized xml: <Element 'INPUT' at 0x7f08f8ec04d0>
INFO:pyjulius3.core:Unmodelized xml: <Element 'INPUT' at 0x7f08f8ec02d0>
INFO:pyjulius3.core:Unmodelized xml: <Element 'STARTRECOG' at 0x7f08f8ec0390>
INFO:pyjulius3.core:Connecting localhost:10500
INFO:pyjulius3.core:Started listening
INFO:pyjulius3.core:Unmodelized xml: <Element 'STARTPROC' at 0x7ffae268e110>
INFO:pyjulius3.core:Unmodelized xml: <Element 'INPUT' at 0x7ffae268e8d0>
INFO:pyjulius3.core:Unmodelized xml: <Element 'INPUT' at 0x7ffae268e990>
INFO:pyjulius3.core:Unmodelized xml: <Element 'STARTRECOG' at 0x7ffae268ea50>
INFO:pyjulius3.core:Unmodelized xml: <Element 'INPUT' at 0x7ffae268eb10>
INFO:pyjulius3.core:Unmodelized xml: <Element 'ENDRECOG' at 0x7ffae268ebd0>
INFO:pyjulius3.core:Unmodelized xml: <Element 'INPUTPARAM' at 0x7ffae268ec90>
INFO:pyjulius3.core:Unmodelized xml: <Element 'RECOGFAIL' at 0x7ffae268ec50>
INFO:pyjulius3.core:Unmodelized xml: <Element 'INPUT' at 0x7ffae268eb10>
INFO:pyjulius3.core:Unmodelized xml: <Element 'INPUT' at 0x7ffae268eb50>
INFO:pyjulius3.core:Unmodelized xml: <Element 'STARTRECOG' at 0x7ffae268ea10>
INFO:pyjulius3.core:Unmodelized xml: <Element 'INPUT' at 0x7ffae268e950>
INFO:pyjulius3.core:Unmodelized xml: <Element 'ENDRECOG' at 0x7ffae268e890>
INFO:pyjulius3.core:Unmodelized xml: <Element 'INPUTPARAM' at 0x7ffae268e0d0>
INFO:pyjulius3.core:Modelized recognition: <Sentence(-3582.25, [<Word(1.00, MARCELINO)>])>
INFO:pyjulius3.core:Unmodelized xml: <Element 'INPUT' at 0x7ffae0f11050>
INFO:pyjulius3.core:Unmodelized xml: <Element 'INPUT' at 0x7ffae0f11110>
INFO:pyjulius3.core:Unmodelized xml: <Element 'STARTRECOG' at 0x7ffae0f111d0>
INFO:pyjulius3.core:Unmodelized xml: <Element 'INPUT' at 0x7ffae0f11290>
INFO:pyjulius3.core:Unmodelized xml: <Element 'ENDRECOG' at 0x7ffae0f11350>
INFO:pyjulius3.core:Unmodelized xml: <Element 'INPUTPARAM' at 0x7ffae0f11410>
INFO:pyjulius3.core:Unmodelized xml: <Element 'RECOGFAIL' at 0x7ffae0f114d0>
INFO:pyjulius3.core:Unmodelized xml: <Element 'INPUT' at 0x7ffae0f11590>
INFO:pyjulius3.core:Unmodelized xml: <Element 'INPUT' at 0x7ffae0f11650>
INFO:pyjulius3.core:Unmodelized xml: <Element 'STARTRECOG' at 0x7ffae0f11710>
INFO:pyjulius3.core:Unmodelized xml: <Element 'INPUT' at 0x7ffae0f117d0>
INFO:pyjulius3.core:Unmodelized xml: <Element 'ENDRECOG' at 0x7ffae0f11890>
INFO:pyjulius3.core:Unmodelized xml: <Element 'INPUTPARAM' at 0x7ffae0f11950>
INFO:pyjulius3.core:Modelized recognition: <Sentence(-6647.48, [<Word(0.99, HOLA)>, <Word(0.97, YOLANDA)>])>
INFO:pyjulius3.core:Unmodelized xml: <Element 'INPUT' at 0x7ffae0f11c50>
INFO:pyjulius3.core:Unmodelized xml: <Element 'INPUT' at 0x7ffae0f11d10>
INFO:pyjulius3.core:Unmodelized xml: <Element 'STARTRECOG' at 0x7ffae0f11dd0>
INFO:pyjulius3.core:Unmodelized xml: <Element 'INPUT' at 0x7ffae0f11e90>
INFO:pyjulius3.core:Unmodelized xml: <Element 'ENDRECOG' at 0x7ffae0f11f50>
INFO:pyjulius3.core:Unmodelized xml: <Element 'INPUTPARAM' at 0x7ffae0f23050>
INFO:pyjulius3.core:Modelized recognition: <Sentence(-11926.37, [<Word(1.00, MARCELINO)>])>
INFO:pyjulius3.core:Unmodelized xml: <Element 'INPUT' at 0x7ffae0f11c10>
INFO:pyjulius3.core:Unmodelized xml: <Element 'INPUT' at 0x7ffae0f23350>
INFO:pyjulius3.core:Unmodelized xml: <Element 'STARTRECOG' at 0x7ffae0f23410>
INFO:pyjulius3.core:Unmodelized xml: <Element 'INPUT' at 0x7ffae0f234d0>
INFO:pyjulius3.core:Unmodelized xml: <Element 'ENDRECOG' at 0x7ffae0f23590>
INFO:pyjulius3.core:Unmodelized xml: <Element 'INPUTPARAM' at 0x7ffae0f23650>
INFO:pyjulius3.core:Modelized recognition: <Sentence(-16981.40, [<Word(0.99, BUSCA)>, <Word(0.98, YOLANDA)>])>
INFO:pyjulius3.core:Unmodelized xml: <Element 'INPUT' at 0x7ffae268ed90>
INFO:pyjulius3.core:Unmodelized xml: <Element 'INPUT' at 0x7ffae268e850>
INFO:pyjulius3.core:Unmodelized xml: <Element 'STARTRECOG' at 0x7ffae268e910>
INFO:pyjulius3.core:Unmodelized xml: <Element 'INPUT' at 0x7ffae268e9d0>
INFO:pyjulius3.core:Unmodelized xml: <Element 'ENDRECOG' at 0x7ffae268ead0>
INFO:pyjulius3.core:Unmodelized xml: <Element 'INPUTPARAM' at 0x7ffae268ec90>
INFO:pyjulius3.core:Modelized recognition: <Sentence(-5010.02, [<Word(0.95, HOLA)>, <Word(0.98, YOLANDA)>])>
INFO:pyjulius3.core:Unmodelized xml: <Element 'INPUT' at 0x7ffae268ed50>
INFO:pyjulius3.core:Unmodelized xml: <Element 'INPUT' at 0x7ffae0f23490>
INFO:pyjulius3.core:Unmodelized xml: <Element 'STARTRECOG' at 0x7ffae0f233d0>
INFO:pyjulius3.core:Unmodelized xml: <Element 'INPUT' at 0x7ffae0f23310>
INFO:pyjulius3.core:Unmodelized xml: <Element 'ENDRECOG' at 0x7ffae0f230d0>
INFO:pyjulius3.core:Unmodelized xml: <Element 'INPUTPARAM' at 0x7ffae0f23150>
INFO:pyjulius3.core:Modelized recognition: <Sentence(-8659.89, [<Word(0.57, MARCELINO)>])>
INFO:pyjulius3.core:Unmodelized xml: <Element 'INPUT' at 0x7ffae0f23550>
INFO:pyjulius3.core:Unmodelized xml: <Element 'INPUT' at 0x7ffae0f23990>
INFO:pyjulius3.core:Unmodelized xml: <Element 'STARTRECOG' at 0x7ffae0f23a50>
INFO:pyjulius3.core:Unmodelized xml: <Element 'INPUT' at 0x7ffae0f23b10>
INFO:pyjulius3.core:Unmodelized xml: <Element 'ENDRECOG' at 0x7ffae0f23bd0>
INFO:pyjulius3.core:Unmodelized xml: <Element 'INPUTPARAM' at 0x7ffae0f23c90>
INFO:pyjulius3.core:Modelized recognition: <Sentence(-19433.21, [<Word(0.94, EJECUTA)>, <Word(1.00, EL)>, <Word(0.95, YOLANDA)>])>
INFO:pyjulius3.core:Unmodelized xml: <Element 'INPUT' at 0x7ffae0f21050>
INFO:pyjulius3.core:Unmodelized xml: <Element 'INPUT' at 0x7ffae0f21110>
INFO:pyjulius3.core:Unmodelized xml: <Element 'STARTRECOG' at 0x7ffae0f211d0>
INFO:pyjulius3.core:Unmodelized xml: <Element 'INPUT' at 0x7ffae0f21290>
INFO:pyjulius3.core:Unmodelized xml: <Element 'ENDRECOG' at 0x7ffae0f21350>
INFO:pyjulius3.core:Unmodelized xml: <Element 'INPUTPARAM' at 0x7ffae0f21410>
INFO:pyjulius3.core:Modelized recognition: <Sentence(-9837.08, [<Word(1.00, DIME)>, <Word(0.78, MARCELINO)>])>
INFO:pyjulius3.core:Unmodelized xml: <Element 'INPUT' at 0x7ffae0f23f90>
INFO:pyjulius3.core:Unmodelized xml: <Element 'INPUT' at 0x7ffae0f21750>
INFO:pyjulius3.core:Unmodelized xml: <Element 'STARTRECOG' at 0x7ffae0f21810>
INFO:pyjulius3.core:Unmodelized xml: <Element 'INPUT' at 0x7ffae0f218d0>
INFO:pyjulius3.core:Unmodelized xml: <Element 'ENDRECOG' at 0x7ffae0f21990>
INFO:pyjulius3.core:Unmodelized xml: <Element 'INPUTPARAM' at 0x7ffae0f21a50>
INFO:pyjulius3.core:Modelized recognition: <Sentence(-3617.52, [<Word(0.60, DIME)>, <Word(0.99, YOLANDA)>])>
INFO:pyjulius3.core:Unmodelized xml: <Element 'INPUT' at 0x7ffae0f216d0>
INFO:pyjulius3.core:Unmodelized xml: <Element 'INPUT' at 0x7ffae0f21dd0>
INFO:pyjulius3.core:Unmodelized xml: <Element 'STARTRECOG' at 0x7ffae0f21e90>
INFO:pyjulius3.core:Disconnecting...
INFO:pyjulius3.core:Disconnected
INFO:pyjulius3.core:Stopped listening
INFO:pyjulius3.core:Connecting localhost:10500
INFO:pyjulius3.core:Started listening
INFO:pyjulius3.core:Unmodelized xml: <Element 'STARTPROC' at 0x7fa3a2cf6110>
INFO:pyjulius3.core:Unmodelized xml: <Element 'INPUT' at 0x7fa3a2cf68d0>
INFO:pyjulius3.core:Unmodelized xml: <Element 'INPUT' at 0x7fa3a2cf6990>
INFO:pyjulius3.core:Unmodelized xml: <Element 'STARTRECOG' at 0x7fa3a2cf6a50>
INFO:pyjulius3.core:Unmodelized xml: <Element 'INPUT' at 0x7fa3a2cf6b10>
INFO:pyjulius3.core:Unmodelized xml: <Element 'ENDRECOG' at 0x7fa3a2cf6bd0>
INFO:pyjulius3.core:Unmodelized xml: <Element 'INPUTPARAM' at 0x7fa3a2cf6c90>
INFO:pyjulius3.core:Modelized recognition: <Sentence(-4655.08, [<Word(1.00, MARCELINO)>])>
INFO:pyjulius3.core:Unmodelized xml: <Element 'INPUT' at 0x7fa3a2cf6910>
INFO:pyjulius3.core:Unmodelized xml: <Element 'INPUT' at 0x7fa3a2cf6890>
INFO:pyjulius3.core:Unmodelized xml: <Element 'STARTRECOG' at 0x7fa3a2cf60d0>
INFO:pyjulius3.core:Unmodelized xml: <Element 'INPUT' at 0x7fa3a2cf6d10>
INFO:pyjulius3.core:Unmodelized xml: <Element 'INPUT' at 0x7fa3a2cf6dd0>
INFO:pyjulius3.core:Unmodelized xml: <Element 'ENDRECOG' at 0x7fa3a2cf6e90>
INFO:pyjulius3.core:Unmodelized xml: <Element 'INPUTPARAM' at 0x7fa3a2cf6f50>
INFO:pyjulius3.core:Unmodelized xml: <Element 'RECOGFAIL' at 0x7fa3a157a050>
INFO:pyjulius3.core:Unmodelized xml: <Element 'INPUT' at 0x7fa3a157a110>
INFO:pyjulius3.core:Unmodelized xml: <Element 'STARTRECOG' at 0x7fa3a157a1d0>
INFO:pyjulius3.core:Unmodelized xml: <Element 'INPUT' at 0x7fa3a157a290>
INFO:pyjulius3.core:Unmodelized xml: <Element 'ENDRECOG' at 0x7fa3a157a350>
INFO:pyjulius3.core:Unmodelized xml: <Element 'INPUTPARAM' at 0x7fa3a157a410>
INFO:pyjulius3.core:Modelized recognition: <Sentence(-9400.93, [<Word(0.57, MARCELINO)>])>
INFO:pyjulius3.core:Unmodelized xml: <Element 'INPUT' at 0x7fa3a157a690>
INFO:pyjulius3.core:Unmodelized xml: <Element 'INPUT' at 0x7fa3a157a750>
INFO:pyjulius3.core:Unmodelized xml: <Element 'STARTRECOG' at 0x7fa3a157a810>
INFO:pyjulius3.core:Unmodelized xml: <Element 'INPUT' at 0x7fa3a157a8d0>
INFO:pyjulius3.core:Unmodelized xml: <Element 'ENDRECOG' at 0x7fa3a157a990>
INFO:pyjulius3.core:Unmodelized xml: <Element 'INPUTPARAM' at 0x7fa3a157aa50>
INFO:pyjulius3.core:Unmodelized xml: <Element 'RECOGFAIL' at 0x7fa3a157ab10>
INFO:pyjulius3.core:Unmodelized xml: <Element 'INPUT' at 0x7fa3a157abd0>
INFO:pyjulius3.core:Unmodelized xml: <Element 'INPUT' at 0x7fa3a157ac90>
INFO:pyjulius3.core:Unmodelized xml: <Element 'STARTRECOG' at 0x7fa3a157ad50>
INFO:pyjulius3.core:Unmodelized xml: <Element 'INPUT' at 0x7fa3a157ae10>
INFO:pyjulius3.core:Unmodelized xml: <Element 'ENDRECOG' at 0x7fa3a157aed0>
INFO:pyjulius3.core:Unmodelized xml: <Element 'INPUTPARAM' at 0x7fa3a157af90>
INFO:pyjulius3.core:Modelized recognition: <Sentence(-18205.75, [<Word(0.88, EJECUTA)>, <Word(0.68, TERMINAL)>])>
INFO:pyjulius3.core:Unmodelized xml: <Element 'INPUT' at 0x7fa3a158b2d0>
INFO:pyjulius3.core:Unmodelized xml: <Element 'INPUT' at 0x7fa3a158b390>
INFO:pyjulius3.core:Unmodelized xml: <Element 'STARTRECOG' at 0x7fa3a158b450>
INFO:pyjulius3.core:Disconnecting...
INFO:pyjulius3.core:Disconnected
INFO:pyjulius3.core:Stopped listening
INFO:pyjulius3.core:Connecting localhost:10500
INFO:pyjulius3.core:Started listening
INFO:pyjulius3.core:Unmodelized xml: <Element 'STARTPROC' at 0x7f78cbd32110>
INFO:pyjulius3.core:Unmodelized xml: <Element 'INPUT' at 0x7f78cbd328d0>
INFO:pyjulius3.core:Unmodelized xml: <Element 'INPUT' at 0x7f78cbd32990>
INFO:pyjulius3.core:Unmodelized xml: <Element 'STARTRECOG' at 0x7f78cbd32a50>
INFO:pyjulius3.core:Unmodelized xml: <Element 'INPUT' at 0x7f78cbd32b10>
INFO:pyjulius3.core:Unmodelized xml: <Element 'ENDRECOG' at 0x7f78cbd32bd0>
INFO:pyjulius3.core:Unmodelized xml: <Element 'INPUTPARAM' at 0x7f78cbd32c90>
INFO:pyjulius3.core:Modelized recognition: <Sentence(-3733.24, [<Word(0.66, MARCELINO)>])>
INFO:pyjulius3.core:Unmodelized xml: <Element 'INPUT' at 0x7f78cbd32990>
INFO:pyjulius3.core:Unmodelized xml: <Element 'INPUT' at 0x7f78cbd32890>
INFO:pyjulius3.core:Unmodelized xml: <Element 'STARTRECOG' at 0x7f78cbd320d0>
INFO:pyjulius3.core:Unmodelized xml: <Element 'INPUT' at 0x7f78cbd32d10>
INFO:pyjulius3.core:Unmodelized xml: <Element 'ENDRECOG' at 0x7f78cbd32dd0>
INFO:pyjulius3.core:Unmodelized xml: <Element 'INPUTPARAM' at 0x7f78cbd32e90>
INFO:pyjulius3.core:Unmodelized xml: <Element 'RECOGFAIL' at 0x7f78cbd32f50>
INFO:pyjulius3.core:Unmodelized xml: <Element 'INPUT' at 0x7f78ca5b6050>
INFO:pyjulius3.core:Unmodelized xml: <Element 'INPUT' at 0x7f78ca5b6110>
INFO:pyjulius3.core:Unmodelized xml: <Element 'STARTRECOG' at 0x7f78ca5b61d0>
INFO:pyjulius3.core:Unmodelized xml: <Element 'INPUT' at 0x7f78ca5b6290>
INFO:pyjulius3.core:Unmodelized xml: <Element 'ENDRECOG' at 0x7f78ca5b6350>
INFO:pyjulius3.core:Unmodelized xml: <Element 'INPUTPARAM' at 0x7f78ca5b6410>
INFO:pyjulius3.core:Modelized recognition: <Sentence(-3805.41, [<Word(0.90, MARCELINO)>])>
INFO:pyjulius3.core:Unmodelized xml: <Element 'INPUT' at 0x7f78ca5b6690>
INFO:pyjulius3.core:Unmodelized xml: <Element 'INPUT' at 0x7f78ca5b6750>
INFO:pyjulius3.core:Unmodelized xml: <Element 'STARTRECOG' at 0x7f78ca5b6810>
INFO:pyjulius3.core:Unmodelized xml: <Element 'INPUT' at 0x7f78ca5b68d0>
INFO:pyjulius3.core:Unmodelized xml: <Element 'ENDRECOG' at 0x7f78ca5b6990>
INFO:pyjulius3.core:Unmodelized xml: <Element 'INPUTPARAM' at 0x7f78ca5b6a50>
INFO:pyjulius3.core:Unmodelized xml: <Element 'RECOGFAIL' at 0x7f78ca5b6b10>
INFO:pyjulius3.core:Unmodelized xml: <Element 'INPUT' at 0x7f78ca5b6bd0>
INFO:pyjulius3.core:Unmodelized xml: <Element 'INPUT' at 0x7f78ca5b6c90>
INFO:pyjulius3.core:Unmodelized xml: <Element 'STARTRECOG' at 0x7f78ca5b6d50>
INFO:pyjulius3.core:Unmodelized xml: <Element 'INPUT' at 0x7f78ca5b6e10>
INFO:pyjulius3.core:Unmodelized xml: <Element 'ENDRECOG' at 0x7f78ca5b6ed0>
INFO:pyjulius3.core:Unmodelized xml: <Element 'INPUTPARAM' at 0x7f78ca5b6f90>
INFO:pyjulius3.core:Modelized recognition: <Sentence(-4316.06, [<Word(1.00, HOLA)>, <Word(0.64, MARCELINO)>])>
INFO:pyjulius3.core:Unmodelized xml: <Element 'INPUT' at 0x7f78ca5c72d0>
INFO:pyjulius3.core:Unmodelized xml: <Element 'INPUT' at 0x7f78ca5c7390>
INFO:pyjulius3.core:Unmodelized xml: <Element 'STARTRECOG' at 0x7f78ca5c7450>
INFO:pyjulius3.core:Unmodelized xml: <Element 'INPUT' at 0x7f78ca5c7510>
INFO:pyjulius3.core:Unmodelized xml: <Element 'ENDRECOG' at 0x7f78ca5c75d0>
INFO:pyjulius3.core:Unmodelized xml: <Element 'INPUTPARAM' at 0x7f78ca5c7690>
INFO:pyjulius3.core:Modelized recognition: <Sentence(-4478.29, [<Word(1.00, MARCELINO)>])>
INFO:pyjulius3.core:Unmodelized xml: <Element 'INPUT' at 0x7f78cbd32e10>
INFO:pyjulius3.core:Unmodelized xml: <Element 'INPUT' at 0x7f78cbd32d50>
INFO:pyjulius3.core:Unmodelized xml: <Element 'STARTRECOG' at 0x7f78cbd32090>
INFO:pyjulius3.core:Unmodelized xml: <Element 'INPUT' at 0x7f78cbd32850>
INFO:pyjulius3.core:Unmodelized xml: <Element 'ENDRECOG' at 0x7f78cbd32c90>
INFO:pyjulius3.core:Unmodelized xml: <Element 'INPUTPARAM' at 0x7f78cbd32950>
INFO:pyjulius3.core:Unmodelized xml: <Element 'RECOGFAIL' at 0x7f78cbd32cd0>
INFO:pyjulius3.core:Unmodelized xml: <Element 'INPUT' at 0x7f78cbd32b50>
INFO:pyjulius3.core:Unmodelized xml: <Element 'INPUT' at 0x7f78ca5c7690>
INFO:pyjulius3.core:Unmodelized xml: <Element 'STARTRECOG' at 0x7f78ca5c7450>
INFO:pyjulius3.core:Unmodelized xml: <Element 'INPUT' at 0x7f78ca5c7210>
INFO:pyjulius3.core:Unmodelized xml: <Element 'ENDRECOG' at 0x7f78ca5c7790>
INFO:pyjulius3.core:Unmodelized xml: <Element 'INPUTPARAM' at 0x7f78ca5c7590>
INFO:pyjulius3.core:Modelized recognition: <Sentence(-3772.11, [<Word(0.89, MARCELINO)>])>
INFO:pyjulius3.core:Unmodelized xml: <Element 'INPUT' at 0x7f78ca5c70d0>
INFO:pyjulius3.core:Unmodelized xml: <Element 'INPUT' at 0x7f78ca5c7190>
INFO:pyjulius3.core:Unmodelized xml: <Element 'STARTRECOG' at 0x7f78ca5c7810>
INFO:pyjulius3.core:Unmodelized xml: <Element 'INPUT' at 0x7f78ca5c78d0>
INFO:pyjulius3.core:Unmodelized xml: <Element 'ENDRECOG' at 0x7f78ca5c7990>
INFO:pyjulius3.core:Unmodelized xml: <Element 'INPUTPARAM' at 0x7f78ca5c7a50>
INFO:pyjulius3.core:Modelized recognition: <Sentence(-6535.48, [<Word(0.99, EJECUTA)>, <Word(0.97, MARCELINO)>])>
INFO:pyjulius3.core:Unmodelized xml: <Element 'INPUT' at 0x7f78ca5c7090>
INFO:pyjulius3.core:Unmodelized xml: <Element 'INPUT' at 0x7f78ca5c7e10>
INFO:pyjulius3.core:Unmodelized xml: <Element 'STARTRECOG' at 0x7f78ca5c7ed0>
INFO:pyjulius3.core:Unmodelized xml: <Element 'INPUT' at 0x7f78ca5c7f90>
INFO:pyjulius3.core:Unmodelized xml: <Element 'INPUT' at 0x7f78ca5c5090>
INFO:pyjulius3.core:Unmodelized xml: <Element 'ENDRECOG' at 0x7f78ca5c5150>
INFO:pyjulius3.core:Unmodelized xml: <Element 'INPUTPARAM' at 0x7f78ca5c5210>
INFO:pyjulius3.core:Modelized recognition: <Sentence(-5263.28, [<Word(1.00, MARCELINO)>])>
INFO:pyjulius3.core:Unmodelized xml: <Element 'INPUT' at 0x7f78ca5c7d10>
INFO:pyjulius3.core:Unmodelized xml: <Element 'STARTRECOG' at 0x7f78ca5c5510>
INFO:pyjulius3.core:Unmodelized xml: <Element 'INPUT' at 0x7f78ca5c55d0>
INFO:pyjulius3.core:Unmodelized xml: <Element 'ENDRECOG' at 0x7f78ca5c5690>
INFO:pyjulius3.core:Unmodelized xml: <Element 'INPUTPARAM' at 0x7f78ca5c5750>
INFO:pyjulius3.core:Modelized recognition: <Sentence(-3817.00, [<Word(0.93, MARCELINO)>])>
INFO:pyjulius3.core:Unmodelized xml: <Element 'INPUT' at 0x7f78ca5c59d0>
INFO:pyjulius3.core:Unmodelized xml: <Element 'INPUT' at 0x7f78ca5c5a90>
INFO:pyjulius3.core:Unmodelized xml: <Element 'STARTRECOG' at 0x7f78ca5c5b50>
INFO:pyjulius3.core:Unmodelized xml: <Element 'INPUT' at 0x7f78ca5c5c10>
INFO:pyjulius3.core:Unmodelized xml: <Element 'ENDRECOG' at 0x7f78ca5c5cd0>
INFO:pyjulius3.core:Unmodelized xml: <Element 'INPUTPARAM' at 0x7f78ca5c5d90>
INFO:pyjulius3.core:Unmodelized xml: <Element 'RECOGFAIL' at 0x7f78ca5c5e50>
INFO:pyjulius3.core:Unmodelized xml: <Element 'INPUT' at 0x7f78ca5c5f10>
INFO:pyjulius3.core:Unmodelized xml: <Element 'INPUT' at 0x7f78ca5c5fd0>
INFO:pyjulius3.core:Unmodelized xml: <Element 'STARTRECOG' at 0x7f78ca5d90d0>
INFO:pyjulius3.core:Unmodelized xml: <Element 'INPUT' at 0x7f78ca5d9190>
INFO:pyjulius3.core:Unmodelized xml: <Element 'ENDRECOG' at 0x7f78ca5d9250>
INFO:pyjulius3.core:Unmodelized xml: <Element 'INPUTPARAM' at 0x7f78ca5d9310>
INFO:pyjulius3.core:Modelized recognition: <Sentence(-4312.36, [<Word(0.97, HOLA)>, <Word(0.39, MARCELINO)>])>
INFO:pyjulius3.core:Unmodelized xml: <Element 'INPUT' at 0x7f78ca5c5f90>
INFO:pyjulius3.core:Unmodelized xml: <Element 'INPUT' at 0x7f78ca5c5ed0>
INFO:pyjulius3.core:Unmodelized xml: <Element 'STARTRECOG' at 0x7f78ca5c5e10>
INFO:pyjulius3.core:Unmodelized xml: <Element 'INPUT' at 0x7f78ca5c5d50>
INFO:pyjulius3.core:Unmodelized xml: <Element 'ENDRECOG' at 0x7f78ca5c5c90>
INFO:pyjulius3.core:Unmodelized xml: <Element 'INPUTPARAM' at 0x7f78ca5c5bd0>
INFO:pyjulius3.core:Modelized recognition: <Sentence(-4524.17, [<Word(1.00, MARCELINO)>])>
INFO:pyjulius3.core:Unmodelized xml: <Element 'INPUT' at 0x7f78ca5c57d0>
INFO:pyjulius3.core:Unmodelized xml: <Element 'INPUT' at 0x7f78ca5c5850>
INFO:pyjulius3.core:Unmodelized xml: <Element 'STARTRECOG' at 0x7f78ca5c5910>
INFO:pyjulius3.core:Unmodelized xml: <Element 'INPUT' at 0x7f78ca5c5750>
INFO:pyjulius3.core:Unmodelized xml: <Element 'ENDRECOG' at 0x7f78ca5c5690>
INFO:pyjulius3.core:Unmodelized xml: <Element 'INPUTPARAM' at 0x7f78ca5c55d0>
INFO:pyjulius3.core:Unmodelized xml: <Element 'RECOGFAIL' at 0x7f78ca5c5510>
INFO:pyjulius3.core:Unmodelized xml: <Element 'INPUT' at 0x7f78ca5c52d0>
INFO:pyjulius3.core:Unmodelized xml: <Element 'INPUT' at 0x7f78ca5c5390>
INFO:pyjulius3.core:Unmodelized xml: <Element 'STARTRECOG' at 0x7f78ca5c5190>
INFO:pyjulius3.core:Unmodelized xml: <Element 'INPUT' at 0x7f78ca5c50d0>
INFO:pyjulius3.core:Unmodelized xml: <Element 'ENDRECOG' at 0x7f78ca5c5090>
INFO:pyjulius3.core:Unmodelized xml: <Element 'INPUTPARAM' at 0x7f78ca5c7d10>
INFO:pyjulius3.core:Modelized recognition: <Sentence(-3711.87, [<Word(0.99, HOLA)>, <Word(0.97, TIEMPO)>])>
INFO:pyjulius3.core:Unmodelized xml: <Element 'INPUT' at 0x7f78ca5c7d50>
INFO:pyjulius3.core:Unmodelized xml: <Element 'INPUT' at 0x7f78ca5c7a90>
INFO:pyjulius3.core:Unmodelized xml: <Element 'STARTRECOG' at 0x7f78ca5c7b90>
INFO:pyjulius3.core:Unmodelized xml: <Element 'INPUT' at 0x7f78ca5c7c50>
INFO:pyjulius3.core:Unmodelized xml: <Element 'ENDRECOG' at 0x7f78ca5c7a50>
INFO:pyjulius3.core:Unmodelized xml: <Element 'INPUTPARAM' at 0x7f78ca5c7990>
INFO:pyjulius3.core:Modelized recognition: <Sentence(-4158.72, [<Word(0.99, HOLA)>, <Word(0.65, MARCELINO)>])>
INFO:pyjulius3.core:Unmodelized xml: <Element 'INPUT' at 0x7f78ca5c7050>
INFO:pyjulius3.core:Unmodelized xml: <Element 'INPUT' at 0x7f78ca5c7410>
INFO:pyjulius3.core:Unmodelized xml: <Element 'STARTRECOG' at 0x7f78ca5c7310>
INFO:pyjulius3.core:Unmodelized xml: <Element 'INPUT' at 0x7f78ca5c7590>
INFO:pyjulius3.core:Unmodelized xml: <Element 'ENDRECOG' at 0x7f78ca5c7790>
INFO:pyjulius3.core:Unmodelized xml: <Element 'INPUTPARAM' at 0x7f78ca5c7210>
INFO:pyjulius3.core:Modelized recognition: <Sentence(-4556.44, [<Word(1.00, EJECUTA)>, <Word(0.91, TERMINAL)>])>
INFO:pyjulius3.core:Unmodelized xml: <Element 'INPUT' at 0x7f78ca5c70d0>
INFO:pyjulius3.core:Unmodelized xml: <Element 'INPUT' at 0x7f78cbd32cd0>
INFO:pyjulius3.core:Unmodelized xml: <Element 'STARTRECOG' at 0x7f78cbd32950>
INFO:pyjulius3.core:Unmodelized xml: <Element 'INPUT' at 0x7f78cbd32c90>
INFO:pyjulius3.core:Unmodelized xml: <Element 'ENDRECOG' at 0x7f78cbd32850>
INFO:pyjulius3.core:Unmodelized xml: <Element 'INPUTPARAM' at 0x7f78cbd32090>
INFO:pyjulius3.core:Modelized recognition: <Sentence(-4464.54, [<Word(1.00, SALUDA)>, <Word(0.73, MARCELINO)>])>
INFO:pyjulius3.core:Unmodelized xml: <Element 'INPUT' at 0x7f78cbd32c10>
INFO:pyjulius3.core:Unmodelized xml: <Element 'INPUT' at 0x7f78ca5be210>
INFO:pyjulius3.core:Unmodelized xml: <Element 'STARTRECOG' at 0x7f78ca5be2d0>
INFO:pyjulius3.core:Unmodelized xml: <Element 'INPUT' at 0x7f78ca5be390>
INFO:pyjulius3.core:Unmodelized xml: <Element 'ENDRECOG' at 0x7f78ca5be450>
INFO:pyjulius3.core:Unmodelized xml: <Element 'INPUTPARAM' at 0x7f78ca5be510>
INFO:pyjulius3.core:Modelized recognition: <Sentence(-3502.79, [<Word(1.00, DIME)>, <Word(1.00, TIEMPO)>])>
INFO:pyjulius3.core:Unmodelized xml: <Element 'INPUT' at 0x7f78ca5be150>
INFO:pyjulius3.core:Unmodelized xml: <Element 'INPUT' at 0x7f78cbd32b90>
INFO:pyjulius3.core:Unmodelized xml: <Element 'STARTRECOG' at 0x7f78cbd32e90>
INFO:pyjulius3.core:Unmodelized xml: <Element 'INPUT' at 0x7f78cbd32e50>
INFO:pyjulius3.core:Unmodelized xml: <Element 'ENDRECOG' at 0x7f78cbd32dd0>
INFO:pyjulius3.core:Unmodelized xml: <Element 'INPUTPARAM' at 0x7f78cbd32d10>
INFO:pyjulius3.core:Modelized recognition: <Sentence(-2922.16, [<Word(1.00, MARCELINO)>])>
INFO:pyjulius3.core:Unmodelized xml: <Element 'INPUT' at 0x7f78cbd32ed0>
INFO:pyjulius3.core:Unmodelized xml: <Element 'INPUT' at 0x7f78cbd32a90>
INFO:pyjulius3.core:Unmodelized xml: <Element 'STARTRECOG' at 0x7f78ca5c70d0>
INFO:pyjulius3.core:Unmodelized xml: <Element 'INPUT' at 0x7f78ca5c7450>
INFO:pyjulius3.core:Unmodelized xml: <Element 'ENDRECOG' at 0x7f78ca5c72d0>
INFO:pyjulius3.core:Unmodelized xml: <Element 'INPUTPARAM' at 0x7f78ca5c7290>
INFO:pyjulius3.core:Unmodelized xml: <Element 'RECOGFAIL' at 0x7f78ca5c7610>
INFO:pyjulius3.core:Unmodelized xml: <Element 'INPUT' at 0x7f78ca5c73d0>
INFO:pyjulius3.core:Unmodelized xml: <Element 'INPUT' at 0x7f78ca5c7550>
INFO:pyjulius3.core:Unmodelized xml: <Element 'STARTRECOG' at 0x7f78ca5c7e10>
INFO:pyjulius3.core:Unmodelized xml: <Element 'INPUT' at 0x7f78ca5c7890>
INFO:pyjulius3.core:Unmodelized xml: <Element 'ENDRECOG' at 0x7f78ca5c71d0>
INFO:pyjulius3.core:Unmodelized xml: <Element 'INPUTPARAM' at 0x7f78ca5c7110>
INFO:pyjulius3.core:Unmodelized xml: <Element 'RECOGFAIL' at 0x7f78ca5c7990>
INFO:pyjulius3.core:Unmodelized xml: <Element 'INPUT' at 0x7f78ca5c7a50>
INFO:pyjulius3.core:Unmodelized xml: <Element 'INPUT' at 0x7f78ca5c7c50>
INFO:pyjulius3.core:Unmodelized xml: <Element 'STARTRECOG' at 0x7f78ca5c7b90>
INFO:pyjulius3.core:Unmodelized xml: <Element 'INPUT' at 0x7f78ca5c7a90>
INFO:pyjulius3.core:Unmodelized xml: <Element 'ENDRECOG' at 0x7f78ca5c7fd0>
INFO:pyjulius3.core:Unmodelized xml: <Element 'INPUTPARAM' at 0x7f78ca5c7e90>
INFO:pyjulius3.core:Unmodelized xml: <Element 'RECOGFAIL' at 0x7f78ca5c7dd0>
INFO:pyjulius3.core:Unmodelized xml: <Element 'INPUT' at 0x7f78ca5c7d10>
INFO:pyjulius3.core:Unmodelized xml: <Element 'INPUT' at 0x7f78ca5c5050>
INFO:pyjulius3.core:Unmodelized xml: <Element 'STARTRECOG' at 0x7f78ca5c5110>
INFO:pyjulius3.core:Unmodelized xml: <Element 'INPUT' at 0x7f78ca5c51d0>
INFO:pyjulius3.core:Unmodelized xml: <Element 'ENDRECOG' at 0x7f78ca5c5350>
INFO:pyjulius3.core:Unmodelized xml: <Element 'INPUTPARAM' at 0x7f78ca5c5250>
INFO:pyjulius3.core:Unmodelized xml: <Element 'RECOGFAIL' at 0x7f78ca5c5490>
INFO:pyjulius3.core:Unmodelized xml: <Element 'INPUT' at 0x7f78ca5c5550>
INFO:pyjulius3.core:Unmodelized xml: <Element 'INPUT' at 0x7f78ca5c5610>
INFO:pyjulius3.core:Unmodelized xml: <Element 'STARTRECOG' at 0x7f78ca5c56d0>
INFO:pyjulius3.core:Unmodelized xml: <Element 'INPUT' at 0x7f78ca5c58d0>
INFO:pyjulius3.core:Unmodelized xml: <Element 'ENDRECOG' at 0x7f78ca5c5810>
INFO:pyjulius3.core:Unmodelized xml: <Element 'INPUTPARAM' at 0x7f78ca5c59d0>
INFO:pyjulius3.core:Modelized recognition: <Sentence(-3084.90, [<Word(1.00, MARCELINO)>])>
INFO:pyjulius3.core:Unmodelized xml: <Element 'INPUT' at 0x7f78ca5c5cd0>
INFO:pyjulius3.core:Unmodelized xml: <Element 'INPUT' at 0x7f78ca5c5d90>
INFO:pyjulius3.core:Unmodelized xml: <Element 'STARTRECOG' at 0x7f78ca5c5e50>
INFO:pyjulius3.core:Unmodelized xml: <Element 'INPUT' at 0x7f78ca5c5f10>
INFO:pyjulius3.core:Unmodelized xml: <Element 'ENDRECOG' at 0x7f78ca5c5fd0>
INFO:pyjulius3.core:Unmodelized xml: <Element 'INPUTPARAM' at 0x7f78ca5be750>
INFO:pyjulius3.core:Modelized recognition: <Sentence(-3093.67, [<Word(0.68, HOLA)>, <Word(1.00, TIEMPO)>])>
INFO:pyjulius3.core:Unmodelized xml: <Element 'INPUT' at 0x7f78ca5be6d0>
INFO:pyjulius3.core:Unmodelized xml: <Element 'INPUT' at 0x7f78ca5be490>
INFO:pyjulius3.core:Unmodelized xml: <Element 'STARTRECOG' at 0x7f78ca5be3d0>
INFO:pyjulius3.core:Unmodelized xml: <Element 'INPUT' at 0x7f78ca5be310>
INFO:pyjulius3.core:Unmodelized xml: <Element 'ENDRECOG' at 0x7f78ca5be250>
INFO:pyjulius3.core:Unmodelized xml: <Element 'INPUTPARAM' at 0x7f78ca5c5a50>
INFO:pyjulius3.core:Unmodelized xml: <Element 'RECOGFAIL' at 0x7f78ca5c5f50>
INFO:pyjulius3.core:Unmodelized xml: <Element 'INPUT' at 0x7f78ca5c5fd0>
INFO:pyjulius3.core:Unmodelized xml: <Element 'INPUT' at 0x7f78ca5c5f10>
INFO:pyjulius3.core:Unmodelized xml: <Element 'STARTRECOG' at 0x7f78ca5c5e50>
INFO:pyjulius3.core:Unmodelized xml: <Element 'INPUT' at 0x7f78ca5c5d90>
INFO:pyjulius3.core:Unmodelized xml: <Element 'ENDRECOG' at 0x7f78ca5c5410>
INFO:pyjulius3.core:Unmodelized xml: <Element 'INPUTPARAM' at 0x7f78ca5c5b10>
INFO:pyjulius3.core:Unmodelized xml: <Element 'RECOGFAIL' at 0x7f78ca5c5850>
INFO:pyjulius3.core:Unmodelized xml: <Element 'INPUT' at 0x7f78ca5c5910>
INFO:pyjulius3.core:Unmodelized xml: <Element 'INPUT' at 0x7f78ca5c5750>
INFO:pyjulius3.core:Unmodelized xml: <Element 'STARTRECOG' at 0x7f78ca5c5690>
INFO:pyjulius3.core:Unmodelized xml: <Element 'INPUT' at 0x7f78ca5c55d0>
INFO:pyjulius3.core:Unmodelized xml: <Element 'ENDRECOG' at 0x7f78ca5c5510>
INFO:pyjulius3.core:Unmodelized xml: <Element 'INPUTPARAM' at 0x7f78ca5c52d0>
INFO:pyjulius3.core:Unmodelized xml: <Element 'RECOGFAIL' at 0x7f78ca5c5390>
INFO:pyjulius3.core:Unmodelized xml: <Element 'INPUT' at 0x7f78ca5c5190>
INFO:pyjulius3.core:Unmodelized xml: <Element 'INPUT' at 0x7f78ca5c50d0>
INFO:pyjulius3.core:Unmodelized xml: <Element 'STARTRECOG' at 0x7f78ca5c5090>
INFO:pyjulius3.core:Unmodelized xml: <Element 'INPUT' at 0x7f78ca5c5450>
INFO:pyjulius3.core:Unmodelized xml: <Element 'ENDRECOG' at 0x7f78ca5c7cd0>
INFO:pyjulius3.core:Unmodelized xml: <Element 'INPUTPARAM' at 0x7f78ca5c7ed0>
INFO:pyjulius3.core:Unmodelized xml: <Element 'RECOGFAIL' at 0x7f78ca5c7f90>
INFO:pyjulius3.core:Unmodelized xml: <Element 'INPUT' at 0x7f78ca5c7f50>
INFO:pyjulius3.core:Unmodelized xml: <Element 'INPUT' at 0x7f78ca5c7090>
INFO:pyjulius3.core:Unmodelized xml: <Element 'STARTRECOG' at 0x7f78ca5c7b10>
INFO:pyjulius3.core:Unmodelized xml: <Element 'INPUT' at 0x7f78ca5c7bd0>
INFO:pyjulius3.core:Unmodelized xml: <Element 'ENDRECOG' at 0x7f78ca5c7a10>
INFO:pyjulius3.core:Unmodelized xml: <Element 'INPUTPARAM' at 0x7f78ca5c7950>
INFO:pyjulius3.core:Unmodelized xml: <Element 'RECOGFAIL' at 0x7f78ca5c7150>
INFO:pyjulius3.core:Unmodelized xml: <Element 'INPUT' at 0x7f78ca5c77d0>
INFO:pyjulius3.core:Unmodelized xml: <Element 'INPUT' at 0x7f78ca5c7850>
INFO:pyjulius3.core:Unmodelized xml: <Element 'STARTRECOG' at 0x7f78ca5c7d90>
INFO:pyjulius3.core:Unmodelized xml: <Element 'INPUT' at 0x7f78ca5c7490>
INFO:pyjulius3.core:Unmodelized xml: <Element 'ENDRECOG' at 0x7f78ca5c7350>
INFO:pyjulius3.core:Unmodelized xml: <Element 'INPUTPARAM' at 0x7f78ca5c7650>
INFO:pyjulius3.core:Unmodelized xml: <Element 'RECOGFAIL' at 0x7f78ca5c7250>
INFO:pyjulius3.core:Unmodelized xml: <Element 'INPUT' at 0x7f78ca5c7390>
INFO:pyjulius3.core:Unmodelized xml: <Element 'INPUT' at 0x7f78ca5c7510>
INFO:pyjulius3.core:Unmodelized xml: <Element 'STARTRECOG' at 0x7f78ca5c74d0>
INFO:pyjulius3.core:Unmodelized xml: <Element 'INPUT' at 0x7f78cbd32990>
INFO:pyjulius3.core:Unmodelized xml: <Element 'ENDRECOG' at 0x7f78cbd32f10>
INFO:pyjulius3.core:Unmodelized xml: <Element 'INPUTPARAM' at 0x7f78cbd32c50>
INFO:pyjulius3.core:Unmodelized xml: <Element 'RECOGFAIL' at 0x7f78cbd328d0>
INFO:pyjulius3.core:Unmodelized xml: <Element 'INPUT' at 0x7f78cbd32c90>
INFO:pyjulius3.core:Unmodelized xml: <Element 'INPUT' at 0x7f78cbd32090>
INFO:pyjulius3.core:Unmodelized xml: <Element 'STARTRECOG' at 0x7f78cbd32e10>
INFO:pyjulius3.core:Unmodelized xml: <Element 'INPUT' at 0x7f78cbd32d50>
INFO:pyjulius3.core:Unmodelized xml: <Element 'ENDRECOG' at 0x7f78cbd32c10>
INFO:pyjulius3.core:Unmodelized xml: <Element 'INPUTPARAM' at 0x7f78ca5be250>
INFO:pyjulius3.core:Unmodelized xml: <Element 'RECOGFAIL' at 0x7f78ca5be290>
INFO:pyjulius3.core:Unmodelized xml: <Element 'INPUT' at 0x7f78ca5be450>
INFO:pyjulius3.core:Unmodelized xml: <Element 'INPUT' at 0x7f78ca5be3d0>
INFO:pyjulius3.core:Unmodelized xml: <Element 'STARTRECOG' at 0x7f78ca5be490>
INFO:pyjulius3.core:Unmodelized xml: <Element 'INPUT' at 0x7f78ca5be790>
INFO:pyjulius3.core:Unmodelized xml: <Element 'ENDRECOG' at 0x7f78ca5be110>
INFO:pyjulius3.core:Unmodelized xml: <Element 'INPUTPARAM' at 0x7f78cbd32e90>
INFO:pyjulius3.core:Unmodelized xml: <Element 'RECOGFAIL' at 0x7f78cbd32d90>
INFO:pyjulius3.core:Unmodelized xml: <Element 'INPUT' at 0x7f78cbd32f50>
INFO:pyjulius3.core:Unmodelized xml: <Element 'INPUT' at 0x7f78cbd32110>
INFO:pyjulius3.core:Unmodelized xml: <Element 'STARTRECOG' at 0x7f78cbd32890>
INFO:pyjulius3.core:Unmodelized xml: <Element 'INPUT' at 0x7f78cbd320d0>
INFO:pyjulius3.core:Unmodelized xml: <Element 'ENDRECOG' at 0x7f78cbd32ed0>
INFO:pyjulius3.core:Unmodelized xml: <Element 'INPUTPARAM' at 0x7f78cbd32a90>
INFO:pyjulius3.core:Unmodelized xml: <Element 'RECOGFAIL' at 0x7f78cbd32950>
INFO:pyjulius3.core:Unmodelized xml: <Element 'INPUT' at 0x7f78ca5c70d0>
INFO:pyjulius3.core:Unmodelized xml: <Element 'INPUT' at 0x7f78ca5c75d0>
INFO:pyjulius3.core:Unmodelized xml: <Element 'STARTRECOG' at 0x7f78ca5c7690>
INFO:pyjulius3.core:Unmodelized xml: <Element 'INPUT' at 0x7f78ca5c7210>
INFO:pyjulius3.core:Unmodelized xml: <Element 'ENDRECOG' at 0x7f78ca5c7790>
INFO:pyjulius3.core:Unmodelized xml: <Element 'INPUTPARAM' at 0x7f78ca5c7590>
INFO:pyjulius3.core:Unmodelized xml: <Element 'RECOGFAIL' at 0x7f78ca5c7310>
INFO:pyjulius3.core:Unmodelized xml: <Element 'INPUT' at 0x7f78ca5c7410>
INFO:pyjulius3.core:Unmodelized xml: <Element 'INPUT' at 0x7f78ca5c7050>
INFO:pyjulius3.core:Unmodelized xml: <Element 'STARTRECOG' at 0x7f78ca5c78d0>
INFO:pyjulius3.core:Unmodelized xml: <Element 'INPUT' at 0x7f78ca5c7810>
INFO:pyjulius3.core:Unmodelized xml: <Element 'ENDRECOG' at 0x7f78ca5c7910>
INFO:pyjulius3.core:Unmodelized xml: <Element 'INPUTPARAM' at 0x7f78ca5c79d0>
INFO:pyjulius3.core:Unmodelized xml: <Element 'RECOGFAIL' at 0x7f78ca5c7c10>
INFO:pyjulius3.core:Unmodelized xml: <Element 'INPUT' at 0x7f78ca5c7b50>
INFO:pyjulius3.core:Disconnecting...
INFO:pyjulius3.core:Disconnected
INFO:pyjulius3.core:Stopped listening
